The system is: Linux - 4.4.50-v7+ - armv7l
Compiling the C compiler identification source file "CMakeCCompilerId.c" succeeded.
Compiler: /usr/bin/cc 
Build flags: 
Id flags: 

The output was:
0


Compilation of the C compiler identification source "CMakeCCompilerId.c" produced "a.out"

The C compiler identification is GNU, found in "/home/pi/kaa-project/build/CMakeFiles/3.6.2/CompilerIdC/a.out"

Determining if the C compiler works passed with the following output:
Change Dir: /home/pi/kaa-project/build/CMakeFiles/CMakeTmp

Run Build Command:"/usr/bin/make" "cmTC_452a4/fast"
/usr/bin/make -f CMakeFiles/cmTC_452a4.dir/build.make CMakeFiles/cmTC_452a4.dir/build
make[1]: Entering directory '/home/pi/kaa-project/build/CMakeFiles/CMakeTmp'
Building C object CMakeFiles/cmTC_452a4.dir/testCCompiler.c.o
/usr/bin/cc     -o CMakeFiles/cmTC_452a4.dir/testCCompiler.c.o   -c /home/pi/kaa-project/build/CMakeFiles/CMakeTmp/testCCompiler.c
Linking C executable cmTC_452a4
/usr/bin/cmake -E cmake_link_script CMakeFiles/cmTC_452a4.dir/link.txt --verbose=1
/usr/bin/cc       CMakeFiles/cmTC_452a4.dir/testCCompiler.c.o  -o cmTC_452a4 -rdynamic 
make[1]: Leaving directory '/home/pi/kaa-project/build/CMakeFiles/CMakeTmp'


Detecting C compiler ABI info compiled with the following output:
Change Dir: /home/pi/kaa-project/build/CMakeFiles/CMakeTmp

Run Build Command:"/usr/bin/make" "cmTC_99fb5/fast"
/usr/bin/make -f CMakeFiles/cmTC_99fb5.dir/build.make CMakeFiles/cmTC_99fb5.dir/build
make[1]: Entering directory '/home/pi/kaa-project/build/CMakeFiles/CMakeTmp'
Building C object CMakeFiles/cmTC_99fb5.dir/CMakeCCompilerABI.c.o
/usr/bin/cc     -o CMakeFiles/cmTC_99fb5.dir/CMakeCCompilerABI.c.o   -c /usr/share/cmake-3.6/Modules/CMakeCCompilerABI.c
Linking C executable cmTC_99fb5
/usr/bin/cmake -E cmake_link_script CMakeFiles/cmTC_99fb5.dir/link.txt --verbose=1
/usr/bin/cc      -v CMakeFiles/cmTC_99fb5.dir/CMakeCCompilerABI.c.o  -o cmTC_99fb5 -rdynamic  
Using built-in specs.
COLLECT_GCC=/usr/bin/cc
COLLECT_LTO_WRAPPER=/usr/lib/gcc/arm-linux-gnueabihf/4.9/lto-wrapper
Target: arm-linux-gnueabihf
Configured with: ../src/configure -v --with-pkgversion='Raspbian 4.9.2-10' --with-bugurl=file:///usr/share/doc/gcc-4.9/README.Bugs --enable-languages=c,c++,java,go,d,fortran,objc,obj-c++ --prefix=/usr --program-suffix=-4.9 --enable-shared --enable-linker-build-id --libexecdir=/usr/lib --without-included-gettext --enable-threads=posix --with-gxx-include-dir=/usr/include/c++/4.9 --libdir=/usr/lib --enable-nls --with-sysroot=/ --enable-clocale=gnu --enable-libstdcxx-debug --enable-libstdcxx-time=yes --enable-gnu-unique-object --disable-libitm --disable-libquadmath --enable-plugin --with-system-zlib --disable-browser-plugin --enable-java-awt=gtk --enable-gtk-cairo --with-java-home=/usr/lib/jvm/java-1.5.0-gcj-4.9-armhf/jre --enable-java-home --with-jvm-root-dir=/usr/lib/jvm/java-1.5.0-gcj-4.9-armhf --with-jvm-jar-dir=/usr/lib/jvm-exports/java-1.5.0-gcj-4.9-armhf --with-arch-directory=arm --with-ecj-jar=/usr/share/java/eclipse-ecj.jar --enable-objc-gc --enable-multiarch --disable-sjlj-exceptions --with-arch=armv6 --with-fpu=vfp --with-float=hard --enable-checking=release --build=arm-linux-gnueabihf --host=arm-linux-gnueabihf --target=arm-linux-gnueabihf
Thread model: posix
gcc version 4.9.2 (Raspbian 4.9.2-10) 
COMPILER_PATH=/usr/lib/gcc/arm-linux-gnueabihf/4.9/:/usr/lib/gcc/arm-linux-gnueabihf/4.9/:/usr/lib/gcc/arm-linux-gnueabihf/:/usr/lib/gcc/arm-linux-gnueabihf/4.9/:/usr/lib/gcc/arm-linux-gnueabihf/
LIBRARY_PATH=/usr/lib/gcc/arm-linux-gnueabihf/4.9/:/usr/lib/gcc/arm-linux-gnueabihf/4.9/../../../arm-linux-gnueabihf/:/usr/lib/gcc/arm-linux-gnueabihf/4.9/../../../:/lib/arm-linux-gnueabihf/:/lib/:/usr/lib/arm-linux-gnueabihf/:/usr/lib/
COLLECT_GCC_OPTIONS='-v' '-o' 'cmTC_99fb5' '-rdynamic' '-march=armv6' '-mfloat-abi=hard' '-mfpu=vfp' '-mtls-dialect=gnu'
 /usr/lib/gcc/arm-linux-gnueabihf/4.9/collect2 -plugin /usr/lib/gcc/arm-linux-gnueabihf/4.9/liblto_plugin.so -plugin-opt=/usr/lib/gcc/arm-linux-gnueabihf/4.9/lto-wrapper -plugin-opt=-fresolution=/tmp/ccIiDeeF.res -plugin-opt=-pass-through=-lgcc -plugin-opt=-pass-through=-lgcc_s -plugin-opt=-pass-through=-lc -plugin-opt=-pass-through=-lgcc -plugin-opt=-pass-through=-lgcc_s --sysroot=/ --build-id --eh-frame-hdr -export-dynamic -dynamic-linker /lib/ld-linux-armhf.so.3 -X --hash-style=gnu -m armelf_linux_eabi -o cmTC_99fb5 /usr/lib/gcc/arm-linux-gnueabihf/4.9/../../../arm-linux-gnueabihf/crt1.o /usr/lib/gcc/arm-linux-gnueabihf/4.9/../../../arm-linux-gnueabihf/crti.o /usr/lib/gcc/arm-linux-gnueabihf/4.9/crtbegin.o -L/usr/lib/gcc/arm-linux-gnueabihf/4.9 -L/usr/lib/gcc/arm-linux-gnueabihf/4.9/../../../arm-linux-gnueabihf -L/usr/lib/gcc/arm-linux-gnueabihf/4.9/../../.. -L/lib/arm-linux-gnueabihf -L/usr/lib/arm-linux-gnueabihf CMakeFiles/cmTC_99fb5.dir/CMakeCCompilerABI.c.o -lgcc --as-needed -lgcc_s --no-as-needed -lc -lgcc --as-needed -lgcc_s --no-as-needed /usr/lib/gcc/arm-linux-gnueabihf/4.9/crtend.o /usr/lib/gcc/arm-linux-gnueabihf/4.9/../../../arm-linux-gnueabihf/crtn.o
make[1]: Leaving directory '/home/pi/kaa-project/build/CMakeFiles/CMakeTmp'


Parsed C implicit link information from above output:
  link line regex: [^( *|.*[/\])(ld|([^/\]+-)?ld|collect2)[^/\]*( |$)]
  ignore line: [Change Dir: /home/pi/kaa-project/build/CMakeFiles/CMakeTmp]
  ignore line: []
  ignore line: [Run Build Command:"/usr/bin/make" "cmTC_99fb5/fast"]
  ignore line: [/usr/bin/make -f CMakeFiles/cmTC_99fb5.dir/build.make CMakeFiles/cmTC_99fb5.dir/build]
  ignore line: [make[1]: Entering directory '/home/pi/kaa-project/build/CMakeFiles/CMakeTmp']
  ignore line: [Building C object CMakeFiles/cmTC_99fb5.dir/CMakeCCompilerABI.c.o]
  ignore line: [/usr/bin/cc     -o CMakeFiles/cmTC_99fb5.dir/CMakeCCompilerABI.c.o   -c /usr/share/cmake-3.6/Modules/CMakeCCompilerABI.c]
  ignore line: [Linking C executable cmTC_99fb5]
  ignore line: [/usr/bin/cmake -E cmake_link_script CMakeFiles/cmTC_99fb5.dir/link.txt --verbose=1]
  ignore line: [/usr/bin/cc      -v CMakeFiles/cmTC_99fb5.dir/CMakeCCompilerABI.c.o  -o cmTC_99fb5 -rdynamic  ]
  ignore line: [Using built-in specs.]
  ignore line: [COLLECT_GCC=/usr/bin/cc]
  ignore line: [COLLECT_LTO_WRAPPER=/usr/lib/gcc/arm-linux-gnueabihf/4.9/lto-wrapper]
  ignore line: [Target: arm-linux-gnueabihf]
  ignore line: [Configured with: ../src/configure -v --with-pkgversion='Raspbian 4.9.2-10' --with-bugurl=file:///usr/share/doc/gcc-4.9/README.Bugs --enable-languages=c,c++,java,go,d,fortran,objc,obj-c++ --prefix=/usr --program-suffix=-4.9 --enable-shared --enable-linker-build-id --libexecdir=/usr/lib --without-included-gettext --enable-threads=posix --with-gxx-include-dir=/usr/include/c++/4.9 --libdir=/usr/lib --enable-nls --with-sysroot=/ --enable-clocale=gnu --enable-libstdcxx-debug --enable-libstdcxx-time=yes --enable-gnu-unique-object --disable-libitm --disable-libquadmath --enable-plugin --with-system-zlib --disable-browser-plugin --enable-java-awt=gtk --enable-gtk-cairo --with-java-home=/usr/lib/jvm/java-1.5.0-gcj-4.9-armhf/jre --enable-java-home --with-jvm-root-dir=/usr/lib/jvm/java-1.5.0-gcj-4.9-armhf --with-jvm-jar-dir=/usr/lib/jvm-exports/java-1.5.0-gcj-4.9-armhf --with-arch-directory=arm --with-ecj-jar=/usr/share/java/eclipse-ecj.jar --enable-objc-gc --enable-multiarch --disable-sjlj-exceptions --with-arch=armv6 --with-fpu=vfp --with-float=hard --enable-checking=release --build=arm-linux-gnueabihf --host=arm-linux-gnueabihf --target=arm-linux-gnueabihf]
  ignore line: [Thread model: posix]
  ignore line: [gcc version 4.9.2 (Raspbian 4.9.2-10) ]
  ignore line: [COMPILER_PATH=/usr/lib/gcc/arm-linux-gnueabihf/4.9/:/usr/lib/gcc/arm-linux-gnueabihf/4.9/:/usr/lib/gcc/arm-linux-gnueabihf/:/usr/lib/gcc/arm-linux-gnueabihf/4.9/:/usr/lib/gcc/arm-linux-gnueabihf/]
  ignore line: [LIBRARY_PATH=/usr/lib/gcc/arm-linux-gnueabihf/4.9/:/usr/lib/gcc/arm-linux-gnueabihf/4.9/../../../arm-linux-gnueabihf/:/usr/lib/gcc/arm-linux-gnueabihf/4.9/../../../:/lib/arm-linux-gnueabihf/:/lib/:/usr/lib/arm-linux-gnueabihf/:/usr/lib/]
  ignore line: [COLLECT_GCC_OPTIONS='-v' '-o' 'cmTC_99fb5' '-rdynamic' '-march=armv6' '-mfloat-abi=hard' '-mfpu=vfp' '-mtls-dialect=gnu']
  link line: [ /usr/lib/gcc/arm-linux-gnueabihf/4.9/collect2 -plugin /usr/lib/gcc/arm-linux-gnueabihf/4.9/liblto_plugin.so -plugin-opt=/usr/lib/gcc/arm-linux-gnueabihf/4.9/lto-wrapper -plugin-opt=-fresolution=/tmp/ccIiDeeF.res -plugin-opt=-pass-through=-lgcc -plugin-opt=-pass-through=-lgcc_s -plugin-opt=-pass-through=-lc -plugin-opt=-pass-through=-lgcc -plugin-opt=-pass-through=-lgcc_s --sysroot=/ --build-id --eh-frame-hdr -export-dynamic -dynamic-linker /lib/ld-linux-armhf.so.3 -X --hash-style=gnu -m armelf_linux_eabi -o cmTC_99fb5 /usr/lib/gcc/arm-linux-gnueabihf/4.9/../../../arm-linux-gnueabihf/crt1.o /usr/lib/gcc/arm-linux-gnueabihf/4.9/../../../arm-linux-gnueabihf/crti.o /usr/lib/gcc/arm-linux-gnueabihf/4.9/crtbegin.o -L/usr/lib/gcc/arm-linux-gnueabihf/4.9 -L/usr/lib/gcc/arm-linux-gnueabihf/4.9/../../../arm-linux-gnueabihf -L/usr/lib/gcc/arm-linux-gnueabihf/4.9/../../.. -L/lib/arm-linux-gnueabihf -L/usr/lib/arm-linux-gnueabihf CMakeFiles/cmTC_99fb5.dir/CMakeCCompilerABI.c.o -lgcc --as-needed -lgcc_s --no-as-needed -lc -lgcc --as-needed -lgcc_s --no-as-needed /usr/lib/gcc/arm-linux-gnueabihf/4.9/crtend.o /usr/lib/gcc/arm-linux-gnueabihf/4.9/../../../arm-linux-gnueabihf/crtn.o]
    arg [/usr/lib/gcc/arm-linux-gnueabihf/4.9/collect2] ==> ignore
    arg [-plugin] ==> ignore
    arg [/usr/lib/gcc/arm-linux-gnueabihf/4.9/liblto_plugin.so] ==> ignore
    arg [-plugin-opt=/usr/lib/gcc/arm-linux-gnueabihf/4.9/lto-wrapper] ==> ignore
    arg [-plugin-opt=-fresolution=/tmp/ccIiDeeF.res] ==> ignore
    arg [-plugin-opt=-pass-through=-lgcc] ==> ignore
    arg [-plugin-opt=-pass-through=-lgcc_s] ==> ignore
    arg [-plugin-opt=-pass-through=-lc] ==> ignore
    arg [-plugin-opt=-pass-through=-lgcc] ==> ignore
    arg [-plugin-opt=-pass-through=-lgcc_s] ==> ignore
    arg [--sysroot=/] ==> ignore
    arg [--build-id] ==> ignore
    arg [--eh-frame-hdr] ==> ignore
    arg [-export-dynamic] ==> ignore
    arg [-dynamic-linker] ==> ignore
    arg [/lib/ld-linux-armhf.so.3] ==> ignore
    arg [-X] ==> ignore
    arg [--hash-style=gnu] ==> ignore
    arg [-m] ==> ignore
    arg [armelf_linux_eabi] ==> ignore
    arg [-o] ==> ignore
    arg [cmTC_99fb5] ==> ignore
    arg [/usr/lib/gcc/arm-linux-gnueabihf/4.9/../../../arm-linux-gnueabihf/crt1.o] ==> ignore
    arg [/usr/lib/gcc/arm-linux-gnueabihf/4.9/../../../arm-linux-gnueabihf/crti.o] ==> ignore
    arg [/usr/lib/gcc/arm-linux-gnueabihf/4.9/crtbegin.o] ==> ignore
    arg [-L/usr/lib/gcc/arm-linux-gnueabihf/4.9] ==> dir [/usr/lib/gcc/arm-linux-gnueabihf/4.9]
    arg [-L/usr/lib/gcc/arm-linux-gnueabihf/4.9/../../../arm-linux-gnueabihf] ==> dir [/usr/lib/gcc/arm-linux-gnueabihf/4.9/../../../arm-linux-gnueabihf]
    arg [-L/usr/lib/gcc/arm-linux-gnueabihf/4.9/../../..] ==> dir [/usr/lib/gcc/arm-linux-gnueabihf/4.9/../../..]
    arg [-L/lib/arm-linux-gnueabihf] ==> dir [/lib/arm-linux-gnueabihf]
    arg [-L/usr/lib/arm-linux-gnueabihf] ==> dir [/usr/lib/arm-linux-gnueabihf]
    arg [CMakeFiles/cmTC_99fb5.dir/CMakeCCompilerABI.c.o] ==> ignore
    arg [-lgcc] ==> lib [gcc]
    arg [--as-needed] ==> ignore
    arg [-lgcc_s] ==> lib [gcc_s]
    arg [--no-as-needed] ==> ignore
    arg [-lc] ==> lib [c]
    arg [-lgcc] ==> lib [gcc]
    arg [--as-needed] ==> ignore
    arg [-lgcc_s] ==> lib [gcc_s]
    arg [--no-as-needed] ==> ignore
    arg [/usr/lib/gcc/arm-linux-gnueabihf/4.9/crtend.o] ==> ignore
    arg [/usr/lib/gcc/arm-linux-gnueabihf/4.9/../../../arm-linux-gnueabihf/crtn.o] ==> ignore
  remove lib [gcc]
  remove lib [gcc_s]
  remove lib [gcc]
  remove lib [gcc_s]
  collapse library dir [/usr/lib/gcc/arm-linux-gnueabihf/4.9] ==> [/usr/lib/gcc/arm-linux-gnueabihf/4.9]
  collapse library dir [/usr/lib/gcc/arm-linux-gnueabihf/4.9/../../../arm-linux-gnueabihf] ==> [/usr/lib/arm-linux-gnueabihf]
  collapse library dir [/usr/lib/gcc/arm-linux-gnueabihf/4.9/../../..] ==> [/usr/lib]
  collapse library dir [/lib/arm-linux-gnueabihf] ==> [/lib/arm-linux-gnueabihf]
  collapse library dir [/usr/lib/arm-linux-gnueabihf] ==> [/usr/lib/arm-linux-gnueabihf]
  implicit libs: [c]
  implicit dirs: [/usr/lib/gcc/arm-linux-gnueabihf/4.9;/usr/lib/arm-linux-gnueabihf;/usr/lib;/lib/arm-linux-gnueabihf]
  implicit fwks: []




Detecting C [-std=c11] compiler features compiled with the following output:
Change Dir: /home/pi/kaa-project/build/CMakeFiles/CMakeTmp

Run Build Command:"/usr/bin/make" "cmTC_df868/fast"
/usr/bin/make -f CMakeFiles/cmTC_df868.dir/build.make CMakeFiles/cmTC_df868.dir/build
make[1]: Entering directory '/home/pi/kaa-project/build/CMakeFiles/CMakeTmp'
Building C object CMakeFiles/cmTC_df868.dir/feature_tests.c.o
/usr/bin/cc    -std=c11 -o CMakeFiles/cmTC_df868.dir/feature_tests.c.o   -c /home/pi/kaa-project/build/CMakeFiles/feature_tests.c
Linking C executable cmTC_df868
/usr/bin/cmake -E cmake_link_script CMakeFiles/cmTC_df868.dir/link.txt --verbose=1
/usr/bin/cc       CMakeFiles/cmTC_df868.dir/feature_tests.c.o  -o cmTC_df868 -rdynamic 
make[1]: Leaving directory '/home/pi/kaa-project/build/CMakeFiles/CMakeTmp'


    Feature record: C_FEATURE:1c_function_prototypes
    Feature record: C_FEATURE:1c_restrict
    Feature record: C_FEATURE:1c_static_assert
    Feature record: C_FEATURE:1c_variadic_macros


Detecting C [-std=c99] compiler features compiled with the following output:
Change Dir: /home/pi/kaa-project/build/CMakeFiles/CMakeTmp

Run Build Command:"/usr/bin/make" "cmTC_bdec1/fast"
/usr/bin/make -f CMakeFiles/cmTC_bdec1.dir/build.make CMakeFiles/cmTC_bdec1.dir/build
make[1]: Entering directory '/home/pi/kaa-project/build/CMakeFiles/CMakeTmp'
Building C object CMakeFiles/cmTC_bdec1.dir/feature_tests.c.o
/usr/bin/cc    -std=c99 -o CMakeFiles/cmTC_bdec1.dir/feature_tests.c.o   -c /home/pi/kaa-project/build/CMakeFiles/feature_tests.c
Linking C executable cmTC_bdec1
/usr/bin/cmake -E cmake_link_script CMakeFiles/cmTC_bdec1.dir/link.txt --verbose=1
/usr/bin/cc       CMakeFiles/cmTC_bdec1.dir/feature_tests.c.o  -o cmTC_bdec1 -rdynamic 
make[1]: Leaving directory '/home/pi/kaa-project/build/CMakeFiles/CMakeTmp'


    Feature record: C_FEATURE:1c_function_prototypes
    Feature record: C_FEATURE:1c_restrict
    Feature record: C_FEATURE:0c_static_assert
    Feature record: C_FEATURE:1c_variadic_macros


Detecting C [-std=c90] compiler features compiled with the following output:
Change Dir: /home/pi/kaa-project/build/CMakeFiles/CMakeTmp

Run Build Command:"/usr/bin/make" "cmTC_00cc0/fast"
/usr/bin/make -f CMakeFiles/cmTC_00cc0.dir/build.make CMakeFiles/cmTC_00cc0.dir/build
make[1]: Entering directory '/home/pi/kaa-project/build/CMakeFiles/CMakeTmp'
Building C object CMakeFiles/cmTC_00cc0.dir/feature_tests.c.o
/usr/bin/cc    -std=c90 -o CMakeFiles/cmTC_00cc0.dir/feature_tests.c.o   -c /home/pi/kaa-project/build/CMakeFiles/feature_tests.c
Linking C executable cmTC_00cc0
/usr/bin/cmake -E cmake_link_script CMakeFiles/cmTC_00cc0.dir/link.txt --verbose=1
/usr/bin/cc       CMakeFiles/cmTC_00cc0.dir/feature_tests.c.o  -o cmTC_00cc0 -rdynamic 
make[1]: Leaving directory '/home/pi/kaa-project/build/CMakeFiles/CMakeTmp'


    Feature record: C_FEATURE:1c_function_prototypes
    Feature record: C_FEATURE:0c_restrict
    Feature record: C_FEATURE:0c_static_assert
    Feature record: C_FEATURE:0c_variadic_macros
